[FINER] - Sun Jul 24 20:17:18 CST 2016 : Core.main() : ENTRY
[INFO] - Sun Jul 24 20:17:18 CST 2016 : system.thread.book.java7.eight.s5.Main.main : Launching thread: 0
[INFO] - Sun Jul 24 20:17:18 CST 2016 : system.thread.book.java7.eight.s5.Main.main : Thread created: Thread-1
[INFO] - Sun Jul 24 20:17:18 CST 2016 : system.thread.book.java7.eight.s5.Main.main : Launching thread: 1
[FINER] - Sun Jul 24 20:17:18 CST 2016 : Thread-1.run() : ENTRY
[INFO] - Sun Jul 24 20:17:18 CST 2016 : system.thread.book.java7.eight.s5.Main.main : Thread created: Thread-2
[INFO] - Sun Jul 24 20:17:18 CST 2016 : system.thread.book.java7.eight.s5.Main.main : Launching thread: 2
[INFO] - Sun Jul 24 20:17:18 CST 2016 : system.thread.book.java7.eight.s5.Main.main : Thread created: Thread-3
[FINER] - Sun Jul 24 20:17:18 CST 2016 : Thread-2.run() : ENTRY
[INFO] - Sun Jul 24 20:17:18 CST 2016 : system.thread.book.java7.eight.s5.Main.main : Launching thread: 3
[FINER] - Sun Jul 24 20:17:18 CST 2016 : Thread-3.run() : ENTRY
[INFO] - Sun Jul 24 20:17:18 CST 2016 : system.thread.book.java7.eight.s5.Main.main : Thread created: Thread-4
[INFO] - Sun Jul 24 20:17:18 CST 2016 : system.thread.book.java7.eight.s5.Main.main : Launching thread: 4
[FINER] - Sun Jul 24 20:17:18 CST 2016 : Thread-4.run() : ENTRY
[INFO] - Sun Jul 24 20:17:18 CST 2016 : system.thread.book.java7.eight.s5.Main.main : Thread created: Thread-5
[INFO] - Sun Jul 24 20:17:18 CST 2016 : system.thread.book.java7.eight.s5.Main.main : Ten Threads created. Waiting for its finalization
[FINER] - Sun Jul 24 20:17:18 CST 2016 : Thread-5.run() : ENTRY
[FINER] - Sun Jul 24 20:17:20 CST 2016 : Thread-1.run() : RETURN {0}
[INFO] - Sun Jul 24 20:17:20 CST 2016 : system.thread.book.java7.eight.s5.Main.main : Thread has finished its execution
[FINER] - Sun Jul 24 20:17:20 CST 2016 : Thread-2.run() : RETURN {0}
[FINER] - Sun Jul 24 20:17:20 CST 2016 : Thread-3.run() : RETURN {0}
[INFO] - Sun Jul 24 20:17:20 CST 2016 : system.thread.book.java7.eight.s5.Main.main : Thread has finished its execution
[INFO] - Sun Jul 24 20:17:20 CST 2016 : system.thread.book.java7.eight.s5.Main.main : Thread has finished its execution
[FINER] - Sun Jul 24 20:17:20 CST 2016 : Thread-4.run() : RETURN {0}
[INFO] - Sun Jul 24 20:17:20 CST 2016 : system.thread.book.java7.eight.s5.Main.main : Thread has finished its execution
[FINER] - Sun Jul 24 20:17:20 CST 2016 : Thread-5.run() : RETURN {0}
[INFO] - Sun Jul 24 20:17:20 CST 2016 : system.thread.book.java7.eight.s5.Main.main : Thread has finished its execution
[FINER] - Sun Jul 24 20:17:20 CST 2016 : Main.main() : RETURN
